Using pre-set license
Built from '2021.3/staging' branch; Version is '2021.3.9f1 (ad3870b89536) revision 11352176'; Using compiler version '192829333'; Build Type 'Release'
OS: 'Windows 10  (10.0.19045) 64bit Core' Language: 'en' Physical Memory: 16241 MB
BatchMode: 1, IsHumanControllingUs: 0, StartBugReporterOnCrash: 0, Is64bit: 1, IsPro: 1

COMMAND LINE ARGUMENTS:
C:\Program Files\Unity\Hub\Editor\2021.3.9f1\Editor\Unity.exe
-adb2
-batchMode
-noUpm
-name
AssetImportWorker1
-projectPath
C:/Users/wanxu/Documents/SIT-DigiPen/Year 3 Sem 2/CSD3120 Virtual Reality/hello-xr
-logFile
Logs/AssetImportWorker1.log
-srvPort
51685
Successfully changed project path to: C:/Users/wanxu/Documents/SIT-DigiPen/Year 3 Sem 2/CSD3120 Virtual Reality/hello-xr
C:/Users/wanxu/Documents/SIT-DigiPen/Year 3 Sem 2/CSD3120 Virtual Reality/hello-xr
[UnityMemory] Configuration Parameters - Can be set up in boot.config
    "memorysetup-bucket-allocator-granularity=16"
    "memorysetup-bucket-allocator-bucket-count=8"
    "memorysetup-bucket-allocator-block-size=33554432"
    "memorysetup-bucket-allocator-block-count=8"
    "memorysetup-main-allocator-block-size=16777216"
    "memorysetup-thread-allocator-block-size=16777216"
    "memorysetup-gfx-main-allocator-block-size=16777216"
    "memorysetup-gfx-thread-allocator-block-size=16777216"
    "memorysetup-cache-allocator-block-size=4194304"
    "memorysetup-typetree-allocator-block-size=2097152"
    "memorysetup-profiler-bucket-allocator-granularity=16"
    "memorysetup-profiler-bucket-allocator-bucket-count=8"
    "memorysetup-profiler-bucket-allocator-block-size=33554432"
    "memorysetup-profiler-bucket-allocator-block-count=8"
    "memorysetup-profiler-allocator-block-size=16777216"
    "memorysetup-profiler-editor-allocator-block-size=1048576"
    "memorysetup-temp-allocator-size-main=16777216"
    "memorysetup-job-temp-allocator-block-size=2097152"
    "memorysetup-job-temp-allocator-block-size-background=1048576"
    "memorysetup-job-temp-allocator-reduction-small-platforms=262144"
    "memorysetup-temp-allocator-size-background-worker=32768"
    "memorysetup-temp-allocator-size-job-worker=262144"
    "memorysetup-temp-allocator-size-preload-manager=33554432"
    "memorysetup-temp-allocator-size-nav-mesh-worker=65536"
    "memorysetup-temp-allocator-size-audio-worker=65536"
    "memorysetup-temp-allocator-size-cloud-worker=32768"
    "memorysetup-temp-allocator-size-gi-baking-worker=262144"
    "memorysetup-temp-allocator-size-gfx=262144"
Refreshing native plugins compatible for Editor in 114.52 ms, found 4 plugins.
Preloading 0 native plugins for Editor in 0.00 ms.
Initialize engine version: 2021.3.9f1 (ad3870b89536)
[Subsystems] Discovering subsystems at path C:/Program Files/Unity/Hub/Editor/2021.3.9f1/Editor/Data/Resources/UnitySubsystems
[Subsystems] Discovering subsystems at path C:/Users/wanxu/Documents/SIT-DigiPen/Year 3 Sem 2/CSD3120 Virtual Reality/hello-xr/Assets
GfxDevice: creating device client; threaded=0; jobified=0
Direct3D:
    Version:  Direct3D 11.0 [level 11.1]
    Renderer: NVIDIA GeForce RTX 2060 (ID=0x1f11)
    Vendor:   NVIDIA
    VRAM:     5980 MB
    Driver:   31.0.15.1700
Initialize mono
Mono path[0] = 'C:/Program Files/Unity/Hub/Editor/2021.3.9f1/Editor/Data/Managed'
Mono path[1] = 'C:/Program Files/Unity/Hub/Editor/2021.3.9f1/Editor/Data/MonoBleedingEdge/lib/mono/unityjit-win32'
Mono config path = 'C:/Program Files/Unity/Hub/Editor/2021.3.9f1/Editor/Data/MonoBleedingEdge/etc'
Using monoOptions --debugger-agent=transport=dt_socket,embedding=1,server=y,suspend=n,address=127.0.0.1:56564
Begin MonoManager ReloadAssembly
Registering precompiled unity dll's ...
Register platform support module: C:/Program Files/Unity/Hub/Editor/2021.3.9f1/Editor/Data/PlaybackEngines/WebGLSupport/UnityEditor.WebGL.Extensions.dll
Register platform support module: C:/Program Files/Unity/Hub/Editor/2021.3.9f1/Editor/Data/PlaybackEngines/WindowsStandaloneSupport/UnityEditor.WindowsStandalone.Extensions.dll
Registered in 0.011352 seconds.
Native extension for WindowsStandalone target not found
Native extension for WebGL target not found
Refreshing native plugins compatible for Editor in 108.06 ms, found 4 plugins.
Preloading 0 native plugins for Editor in 0.00 ms.
Mono: successfully reloaded assembly
- Completed reload, in  0.748 seconds
Domain Reload Profiling:
	ReloadAssembly (748ms)
		BeginReloadAssembly (100ms)
			ExecutionOrderSort (0ms)
			DisableScriptedObjects (0ms)
			BackupInstance (0ms)
			ReleaseScriptingObjects (0ms)
			CreateAndSetChildDomain (1ms)
		EndReloadAssembly (517ms)
			LoadAssemblies (98ms)
			RebuildTransferFunctionScriptingTraits (0ms)
			SetupTypeCache (130ms)
			ReleaseScriptCaches (0ms)
			RebuildScriptCaches (30ms)
			SetupLoadedEditorAssemblies (302ms)
				LogAssemblyErrors (0ms)
				InitializePlatformSupportModulesInManaged (10ms)
				SetLoadedEditorAssemblies (0ms)
				RefreshPlugins (108ms)
				BeforeProcessingInitializeOnLoad (1ms)
				ProcessInitializeOnLoadAttributes (133ms)
				ProcessInitializeOnLoadMethodAttributes (50ms)
				AfterProcessingInitializeOnLoad (0ms)
				EditorAssembliesLoaded (0ms)
			ExecutionOrderSort2 (0ms)
			AwakeInstancesAfterBackupRestoration (0ms)
Platform modules already initialized, skipping
Registering precompiled user dll's ...
Registered in 0.018212 seconds.
Begin MonoManager ReloadAssembly
Symbol file LoadedFromMemory doesn't match image C:\Users\wanxu\Documents\SIT-DigiPen\Year 3 Sem 2\CSD3120 Virtual Reality\hello-xr\Library\PackageCache\com.unity.visualscripting@1.7.8\Editor\VisualScripting.Core\Dependencies\YamlDotNet\Unity.VisualScripting.YamlDotNet.dll
Symbol file LoadedFromMemory doesn't match image C:\Users\wanxu\Documents\SIT-DigiPen\Year 3 Sem 2\CSD3120 Virtual Reality\hello-xr\Library\PackageCache\com.unity.visualscripting@1.7.8\Editor\VisualScripting.Core\Dependencies\DotNetZip\Unity.VisualScripting.IonicZip.dll
Native extension for WindowsStandalone target not found
Native extension for WebGL target not found
Refreshing native plugins compatible for Editor in 104.44 ms, found 4 plugins.
Preloading 0 native plugins for Editor in 0.00 ms.
Package Manager log level set to [2]
Mono: successfully reloaded assembly
- Completed reload, in  1.435 seconds
Domain Reload Profiling:
	ReloadAssembly (1436ms)
		BeginReloadAssembly (144ms)
			ExecutionOrderSort (0ms)
			DisableScriptedObjects (6ms)
			BackupInstance (0ms)
			ReleaseScriptingObjects (0ms)
			CreateAndSetChildDomain (20ms)
		EndReloadAssembly (1155ms)
			LoadAssemblies (166ms)
			RebuildTransferFunctionScriptingTraits (0ms)
			SetupTypeCache (330ms)
			ReleaseScriptCaches (1ms)
			RebuildScriptCaches (67ms)
			SetupLoadedEditorAssemblies (567ms)
				LogAssemblyErrors (0ms)
				InitializePlatformSupportModulesInManaged (7ms)
				SetLoadedEditorAssemblies (1ms)
				RefreshPlugins (105ms)
				BeforeProcessingInitializeOnLoad (136ms)
				ProcessInitializeOnLoadAttributes (273ms)
				ProcessInitializeOnLoadMethodAttributes (34ms)
				AfterProcessingInitializeOnLoad (11ms)
				EditorAssembliesLoaded (0ms)
			ExecutionOrderSort2 (0ms)
			AwakeInstancesAfterBackupRestoration (10ms)
Platform modules already initialized, skipping
========================================================================
Worker process is ready to serve import requests
Launched and connected shader compiler UnityShaderCompiler.exe after 0.06 seconds
Refreshing native plugins compatible for Editor in 0.88 ms, found 4 plugins.
Preloading 0 native plugins for Editor in 0.00 ms.
Unloading 4234 Unused Serialized files (Serialized files now loaded: 0)
Unloading 38 unused Assets / (87.4 KB). Loaded Objects now: 4706.
Memory consumption went from 167.4 MB to 167.3 MB.
Total: 3.677800 ms (FindLiveObjects: 0.438300 ms CreateObjectMapping: 0.387700 ms MarkObjects: 2.733900 ms  DeleteObjects: 0.116900 ms)

AssetImportParameters requested are different than current active one (requested -> active):
  custom:video-decoder-ogg-theora: a1e56fd34408186e4bbccfd4996cb3dc -> 
  custom:container-muxer-webm: aa71ff27fc2769a1b78a27578f13a17b -> 
  custom:container-demuxer-webm: 4f35f7cbe854078d1ac9338744f61a02 -> 
  custom:video-encoder-webm-vp8: eb34c28f22e8b96e1ab97ce403110664 -> 
  custom:audio-encoder-webm-vorbis: bf7c407c2cedff20999df2af8eb42d56 -> 
  custom:framework-win-MediaFoundation: 216162199b28c13a410421893ffa2e32 -> 
  custom:container-demuxer-ogg: 62fdf1f143b41e24485cea50d1cbac27 -> 
  custom:video-decoder-webm-vp8: 9c59270c3fd7afecdb556c50c9e8de78 -> 
  custom:audio-decoder-ogg-vorbis: bf7c407c2cedff20999df2af8eb42d56 -> 
========================================================================
Received Import Request.
  Time since last request: 141816.808820 seconds.
  path: Assets/school/Prefabs/props/tray.prefab
  artifactKey: Guid(985e26fbc81357349904fd1b56692048) Importer(815301076,1909f56bfc062723c751e8b465ee728b)
Start importing Assets/school/Prefabs/props/tray.prefab using Guid(985e26fbc81357349904fd1b56692048) Importer(815301076,1909f56bfc062723c751e8b465ee728b)  -> (artifact id: 'f32378853fc56f087a9efd0de168bd47') in 0.187204 seconds 
========================================================================
Received Import Request.
  Time since last request: 0.000100 seconds.
  path: Assets/school/Prefabs/props/book8.prefab
  artifactKey: Guid(945770b7f59f57549bb3e854e77a1de0) Importer(815301076,1909f56bfc062723c751e8b465ee728b)
Start importing Assets/school/Prefabs/props/book8.prefab using Guid(945770b7f59f57549bb3e854e77a1de0) Importer(815301076,1909f56bfc062723c751e8b465ee728b)  -> (artifact id: '1c783cb6d8a4e61e06b62400978b5b02') in 0.035829 seconds 
========================================================================
Received Import Request.
  Time since last request: 0.000053 seconds.
  path: Assets/school/Prefabs/props/book15.prefab
  artifactKey: Guid(eb1f778dad1ad1243a12348ffbf99b9b) Importer(815301076,1909f56bfc062723c751e8b465ee728b)
Start importing Assets/school/Prefabs/props/book15.prefab using Guid(eb1f778dad1ad1243a12348ffbf99b9b) Importer(815301076,1909f56bfc062723c751e8b465ee728b)  -> (artifact id: '1fa00d327a839f7262f93e63a00fbba6') in 0.028765 seconds 
========================================================================
Received Import Request.
  Time since last request: 0.000045 seconds.
  path: Assets/school/Prefabs/props/book12.prefab
  artifactKey: Guid(70c302f8c134149459c53486998e3785) Importer(815301076,1909f56bfc062723c751e8b465ee728b)
Start importing Assets/school/Prefabs/props/book12.prefab using Guid(70c302f8c134149459c53486998e3785) Importer(815301076,1909f56bfc062723c751e8b465ee728b)  -> (artifact id: '7264ce62f7b34117e81158a7b0ee8456') in 0.026205 seconds 
========================================================================
Received Import Request.
  Time since last request: 0.000028 seconds.
  path: Assets/school/Prefabs/props/sheet4.prefab
  artifactKey: Guid(2335e4e4480899f46aabd539af49b014) Importer(815301076,1909f56bfc062723c751e8b465ee728b)
Start importing Assets/school/Prefabs/props/sheet4.prefab using Guid(2335e4e4480899f46aabd539af49b014) Importer(815301076,1909f56bfc062723c751e8b465ee728b)  -> (artifact id: '06b64157094087710a667f0635d53e5d') in 0.029091 seconds 
========================================================================
Received Import Request.
  Time since last request: 0.000022 seconds.
  path: Assets/school/Prefabs/props/locker.prefab
  artifactKey: Guid(c2eb0536a6bbfb94590dc4ae7eb803da) Importer(815301076,1909f56bfc062723c751e8b465ee728b)
Start importing Assets/school/Prefabs/props/locker.prefab using Guid(c2eb0536a6bbfb94590dc4ae7eb803da) Importer(815301076,1909f56bfc062723c751e8b465ee728b)  -> (artifact id: '5762e0df2ba02acc4c7b1f6f602a01e8') in 0.027191 seconds 
========================================================================
Received Import Request.
  Time since last request: 0.000030 seconds.
  path: Assets/school/Prefabs/props/fire1.prefab
  artifactKey: Guid(4bc798f368a5f214ba2ad9cc17bc9b80) Importer(815301076,1909f56bfc062723c751e8b465ee728b)
Start importing Assets/school/Prefabs/props/fire1.prefab using Guid(4bc798f368a5f214ba2ad9cc17bc9b80) Importer(815301076,1909f56bfc062723c751e8b465ee728b)  -> (artifact id: '9be03f21c6bb3f7c0a0e591d94aa2d72') in 0.025848 seconds 
========================================================================
Received Import Request.
  Time since last request: 0.000036 seconds.
  path: Assets/school/Prefabs/props/book14.prefab
  artifactKey: Guid(e14704938d821e14d8561c810691b64c) Importer(815301076,1909f56bfc062723c751e8b465ee728b)
Start importing Assets/school/Prefabs/props/book14.prefab using Guid(e14704938d821e14d8561c810691b64c) Importer(815301076,1909f56bfc062723c751e8b465ee728b)  -> (artifact id: 'ae66c1add6e3e026eb3661590b6bf4c7') in 0.025658 seconds 
========================================================================
Received Import Request.
  Time since last request: 0.000037 seconds.
  path: Assets/school/Prefabs/props/projector.prefab
  artifactKey: Guid(832c4b3dc1fa4234a995fcbdcce28404) Importer(815301076,1909f56bfc062723c751e8b465ee728b)
Start importing Assets/school/Prefabs/props/projector.prefab using Guid(832c4b3dc1fa4234a995fcbdcce28404) Importer(815301076,1909f56bfc062723c751e8b465ee728b)  -> (artifact id: 'cf1739405e332099a646ee361c023176') in 0.027888 seconds 
========================================================================
Received Import Request.
  Time since last request: 0.000046 seconds.
  path: Assets/school/Prefabs/props/book6.prefab
  artifactKey: Guid(911f1ee2448dad14e8a9f895e1f5621e) Importer(815301076,1909f56bfc062723c751e8b465ee728b)
Start importing Assets/school/Prefabs/props/book6.prefab using Guid(911f1ee2448dad14e8a9f895e1f5621e) Importer(815301076,1909f56bfc062723c751e8b465ee728b)  -> (artifact id: '26a2789e641e94eea95b7a0715a1fc86') in 0.027729 seconds 
========================================================================
Received Import Request.
  Time since last request: 0.000047 seconds.
  path: Assets/school/Prefabs/props/book11.prefab
  artifactKey: Guid(26790024c0a59a4459d89f66a856faa2) Importer(815301076,1909f56bfc062723c751e8b465ee728b)
Start importing Assets/school/Prefabs/props/book11.prefab using Guid(26790024c0a59a4459d89f66a856faa2) Importer(815301076,1909f56bfc062723c751e8b465ee728b)  -> (artifact id: '41f6899298ad0109a7607b89dde6f9ab') in 0.027777 seconds 
========================================================================
Received Import Request.
  Time since last request: 0.000030 seconds.
  path: Assets/school/Prefabs/props/book5.prefab
  artifactKey: Guid(e0a660c9a16ebaa409248e8f87be4086) Importer(815301076,1909f56bfc062723c751e8b465ee728b)
Start importing Assets/school/Prefabs/props/book5.prefab using Guid(e0a660c9a16ebaa409248e8f87be4086) Importer(815301076,1909f56bfc062723c751e8b465ee728b)  -> (artifact id: '53bd34c607c2596749583cf8d791da2e') in 0.029469 seconds 
========================================================================
Received Import Request.
  Time since last request: 0.000039 seconds.
  path: Assets/school/Prefabs/props/chair1.prefab
  artifactKey: Guid(991e8973513e2ad408232c1afeb3a9df) Importer(815301076,1909f56bfc062723c751e8b465ee728b)
Start importing Assets/school/Prefabs/props/chair1.prefab using Guid(991e8973513e2ad408232c1afeb3a9df) Importer(815301076,1909f56bfc062723c751e8b465ee728b)  -> (artifact id: '2695d8f12b53ebd3ca49a909a2bd06c8') in 0.028219 seconds 
========================================================================
Received Import Request.
  Time since last request: 0.000030 seconds.
  path: Assets/school/Prefabs/props/bus.prefab
  artifactKey: Guid(876481ee83f852b49901155a05d155d5) Importer(815301076,1909f56bfc062723c751e8b465ee728b)
Start importing Assets/school/Prefabs/props/bus.prefab using Guid(876481ee83f852b49901155a05d155d5) Importer(815301076,1909f56bfc062723c751e8b465ee728b)  -> (artifact id: '443709ba81abf462a00e36633c152fbd') in 0.031883 seconds 
========================================================================
Received Import Request.
  Time since last request: 0.000103 seconds.
  path: Assets/school/Prefabs/props/fire.prefab
  artifactKey: Guid(9b95a03e0e9ba914da4f1c7fb5a46ab7) Importer(815301076,1909f56bfc062723c751e8b465ee728b)
Start importing Assets/school/Prefabs/props/fire.prefab using Guid(9b95a03e0e9ba914da4f1c7fb5a46ab7) Importer(815301076,1909f56bfc062723c751e8b465ee728b)  -> (artifact id: '074fab8870578543f1161bfc700eebf5') in 0.027283 seconds 
========================================================================
Received Import Request.
  Time since last request: 0.000037 seconds.
  path: Assets/school/Prefabs/props/board2_2 (1).prefab
  artifactKey: Guid(a92085e8cbdc326489fbf320d2c745d4) Importer(815301076,1909f56bfc062723c751e8b465ee728b)
Start importing Assets/school/Prefabs/props/board2_2 (1).prefab using Guid(a92085e8cbdc326489fbf320d2c745d4) Importer(815301076,1909f56bfc062723c751e8b465ee728b)  -> (artifact id: '59b1c182a95db169659a9f226a4fed5d') in 0.028329 seconds 
========================================================================
Received Import Request.
  Time since last request: 0.000043 seconds.
  path: Assets/school/Prefabs/props/sheet1.prefab
  artifactKey: Guid(7b5504fec8a3cf94d8d4814735af756c) Importer(815301076,1909f56bfc062723c751e8b465ee728b)
Start importing Assets/school/Prefabs/props/sheet1.prefab using Guid(7b5504fec8a3cf94d8d4814735af756c) Importer(815301076,1909f56bfc062723c751e8b465ee728b)  -> (artifact id: 'ddfba753dd344bd3546d923cb1b3b27f') in 0.030889 seconds 
========================================================================
Received Import Request.
  Time since last request: 0.000034 seconds.
  path: Assets/school/Prefabs/props/book9.prefab
  artifactKey: Guid(d74135662f1cf2049b7ad36d7a117892) Importer(815301076,1909f56bfc062723c751e8b465ee728b)
Start importing Assets/school/Prefabs/props/book9.prefab using Guid(d74135662f1cf2049b7ad36d7a117892) Importer(815301076,1909f56bfc062723c751e8b465ee728b)  -> (artifact id: '2b7ccd83778c854d047990a26d42e0b0') in 0.029365 seconds 
========================================================================
Received Import Request.
  Time since last request: 0.000170 seconds.
  path: Assets/school/Prefabs/props/jalousie.prefab
  artifactKey: Guid(f67ff9d455ede6d448bdf23bc838c236) Importer(815301076,1909f56bfc062723c751e8b465ee728b)
Start importing Assets/school/Prefabs/props/jalousie.prefab using Guid(f67ff9d455ede6d448bdf23bc838c236) Importer(815301076,1909f56bfc062723c751e8b465ee728b)  -> (artifact id: 'eef58bcaefce4e393b4be3016b4e8803') in 0.028499 seconds 
========================================================================
Received Import Request.
  Time since last request: 0.000033 seconds.
  path: Assets/school/Prefabs/props/wall4 (1).prefab
  artifactKey: Guid(288b229db858c114299d1bf70ffc95cd) Importer(815301076,1909f56bfc062723c751e8b465ee728b)
Start importing Assets/school/Prefabs/props/wall4 (1).prefab using Guid(288b229db858c114299d1bf70ffc95cd) Importer(815301076,1909f56bfc062723c751e8b465ee728b)  -> (artifact id: '95aae5784f1acebb25fa1796073abdbc') in 0.026336 seconds 
========================================================================
Received Import Request.
  Time since last request: 0.000039 seconds.
  path: Assets/school/Prefabs/props/chair.prefab
  artifactKey: Guid(5a652a60006d6ec46980e623412396f9) Importer(815301076,1909f56bfc062723c751e8b465ee728b)
Start importing Assets/school/Prefabs/props/chair.prefab using Guid(5a652a60006d6ec46980e623412396f9) Importer(815301076,1909f56bfc062723c751e8b465ee728b)  -> (artifact id: '2423996cf7727033c923af29c1a88c5c') in 0.027739 seconds 
========================================================================
Received Import Request.
  Time since last request: 0.000095 seconds.
  path: Assets/school/Prefabs/props/book1.prefab
  artifactKey: Guid(f35bd34b33d70144ca22184a194ae6a4) Importer(815301076,1909f56bfc062723c751e8b465ee728b)
Start importing Assets/school/Prefabs/props/book1.prefab using Guid(f35bd34b33d70144ca22184a194ae6a4) Importer(815301076,1909f56bfc062723c751e8b465ee728b)  -> (artifact id: '4a5b2c190835a0d7e5ab5568e3c41ac8') in 0.025758 seconds 
Editor requested this worker to shutdown with reason: Scaling down because of idle timeout
AssetImportWorker is now disconnected from the server
Process exiting
Exiting without the bug reporter. Application will terminate with return code 0